Wed 00:22: PROGRESS: MaxCompiler version: 2015.2
Wed 00:22: PROGRESS: Build "Vectors" start time: Wed Mar 24 00:22:33 UTC 2021
Wed 00:22: PROGRESS: Main build process running as user root on host 03744159e6ab
Wed 00:22: INFO    : Loading build properties from bundled MaxCompiler_build.conf...
Wed 00:22: INFO    : Loading default build properties from /opt/MaxCompiler_build.conf
Wed 00:22: INFO    : User build properties not found in file: /root/.MaxCompiler_build_user.conf
Wed 00:22: INFO    : No user-specified external build property file has been specified.
Wed 00:22: INFO    : (Set environment variable MAXCOMPILER_BUILD_CONF_FILE to assign one)
Wed 00:22: INFO    : Loading additional parameters from MAXCOMPILER_BUILD_CONF environment variable
Wed 00:22: PROGRESS: Build location: /tmp/Vectors_MAIA_DFE_SIM
Wed 00:22: PROGRESS: Detailed build log available in "_build.log"
Wed 00:22: INFO    : Created build manager Vectors (Vectors_MAIA_DFE_SIM Wed Mar 24 00:22:33 UTC 2021). (00:22:33 24/03/21)
Wed 00:22: INFO    : Working in dir: /tmp/Vectors_MAIA_DFE_SIM
Wed 00:22: INFO    : Java class path (2 paths):
Wed 00:22: INFO    : 	/home/stankovicstevan98/WebIDE-Projects/IU-MatrixMul/RunRules/Simulation/dist/bin
Wed 00:22: INFO    : 	/opt/maxcompiler/lib/MaxCompiler.jar
Wed 00:22: INFO    : Java process started by 'main' method in class 'vectors.VectorsManager'.
Wed 00:22: INFO    : build.arbitrated_core_cache parameter is blank, not using core-cache
Wed 00:22: INFO    : Checking license files in directory: /opt/maxcompiler//licenses
Wed 00:22: INFO    : All license signatures valid.
Wed 00:22: PROGRESS: Instantiating manager
Wed 00:22: PROGRESS: Instantiating kernel "VectorsKernel"
Wed 00:22: INFO    : Backing-up source-files (old source files in build directory will be removed first)...
Wed 00:22: INFO    : Source directories: src
Wed 00:22: INFO    : Not deleting directory (does not exist): src
Wed 00:22: INFO    : Copying source-files took 2.58674 ms
Wed 00:22: PROGRESS: Compiling manager (CPU I/O Only)
Wed 00:22: INFO    : Backing-up source-files (old source files in build directory will be removed first)...
Wed 00:22: INFO    : Source directories: src
Wed 00:22: INFO    : Deleting directory: src
Wed 00:22: INFO    : Copying source-files took 2.52034 ms
Wed 00:22: INFO    : Manager Configuration:
Wed 00:22: INFO    : 	ManagerConfiguration.allowNonMultipleTransitions = false                   [Init: false]
Wed 00:22: INFO    : 	ManagerConfiguration.board = MAX4848A                                      [Init: null, init: MAX4848A]
Wed 00:22: INFO    : 	ManagerConfiguration.build.buildEffort = MEDIUM                            [Init: MEDIUM]
Wed 00:22: INFO    : 	ManagerConfiguration.build.enableChipScopeInserter = false                 [Init: false]
Wed 00:22: INFO    : 	ManagerConfiguration.build.enableTimingAnalysis = true                     [Init: true]
Wed 00:22: INFO    : 	ManagerConfiguration.build.level = FULL_BUILD                              [Init: FULL_BUILD]
Wed 00:22: INFO    : 	ManagerConfiguration.build.mpprContinueAfterMeetingTiming = false          [Init: false]
Wed 00:22: INFO    : 	ManagerConfiguration.build.mpprCtMax = 1                                   [Init: 1]
Wed 00:22: INFO    : 	ManagerConfiguration.build.mpprCtMin = 1                                   [Init: 1]
Wed 00:22: INFO    : 	ManagerConfiguration.build.mpprParallelism = 1                             [Init: 1]
Wed 00:22: INFO    : 	ManagerConfiguration.build.mpprRetryMissesThrshld = 0                      [Init: 0]
Wed 00:22: INFO    : 	ManagerConfiguration.build.optGoal = BALANCED                              [Init: BALANCED]
Wed 00:22: INFO    : 	ManagerConfiguration.build.physSynthAsyncPipelining = AUTO                 [Init: AUTO]
Wed 00:22: INFO    : 	ManagerConfiguration.build.physSynthCombLogic = AUTO                       [Init: AUTO]
Wed 00:22: INFO    : 	ManagerConfiguration.build.physSynthCombLogicForArea = AUTO                [Init: AUTO]
Wed 00:22: INFO    : 	ManagerConfiguration.build.physSynthEffort = AUTO                          [Init: AUTO]
Wed 00:22: INFO    : 	ManagerConfiguration.build.physSynthRegDuplication = AUTO                  [Init: AUTO]
Wed 00:22: INFO    : 	ManagerConfiguration.build.physSynthRetiming = AUTO                        [Init: AUTO]
Wed 00:22: INFO    : 	ManagerConfiguration.build.physicalSynthesis = false                       [Init: false]
Wed 00:22: INFO    : 	ManagerConfiguration.buildTarget = DFE_SIM                                 [Init: null, init: DFE_SIM]
Wed 00:22: INFO    : 	ManagerConfiguration.debug.chipscopeCaptureDepth = 4096                    [Init: 4096]
Wed 00:22: INFO    : 	ManagerConfiguration.debug.fifoUnderOverFlowRegs = false                   [Init: false]
Wed 00:22: INFO    : 	ManagerConfiguration.debug.memCtlDebugRegs = true                          [Init: true]
Wed 00:22: INFO    : 	ManagerConfiguration.debug.memCtlExtraDebugRegs = false                    [Init: false]
Wed 00:22: INFO    : 	ManagerConfiguration.debug.memMarginingSupport = false                     [Init: false]
Wed 00:22: INFO    : 	ManagerConfiguration.debug.memPhyDebugRegister = NONE                      [Init: NONE]
Wed 00:22: INFO    : 	ManagerConfiguration.debug.memPllLockDebugRegs = true                      [Init: true]
Wed 00:22: INFO    : 	ManagerConfiguration.debug.streamStatus = false                            [Init: false]
Wed 00:22: INFO    : 	ManagerConfiguration.debug.streamStatusChecksums = false                   [Init: false]
Wed 00:22: INFO    : 	ManagerConfiguration.dram.addressGeneratorsInSlowClock = false             [Init: false]
Wed 00:22: INFO    : 	ManagerConfiguration.dram.arbitrationMode = ROUND_ROBIN                    [Init: ROUND_ROBIN]
Wed 00:22: INFO    : 	ManagerConfiguration.dram.burstSize = 8                                    [Init: 8]
Wed 00:22: INFO    : 	ManagerConfiguration.dram.cmdFifoInReg = false                             [Init: false]
Wed 00:22: INFO    : 	ManagerConfiguration.dram.cmdFifoLutRam = false                            [Init: false]
Wed 00:22: INFO    : 	ManagerConfiguration.dram.cmdFifoRegInRam = true                           [Init: true]
Wed 00:22: INFO    : 	ManagerConfiguration.dram.cmdFifoSize = 31                                 [Init: 31]
Wed 00:22: INFO    : 	ManagerConfiguration.dram.commandEchoModeEnabled = false                   [Init: false]
Wed 00:22: INFO    : 	ManagerConfiguration.dram.commandEchoModeFifoDepth = 512                   [Init: 512]
Wed 00:22: INFO    : 	ManagerConfiguration.dram.commandEchoModeStreamAlmostEmptyLatency = 792    [Init: 792]
Wed 00:22: INFO    : 	ManagerConfiguration.dram.commandEchoModeStreamAlmostEmptyLatency = 8      [Init: 8]
Wed 00:22: INFO    : 	ManagerConfiguration.dram.commandEchoModeStreamStallLatency = 8            [Init: 8]
Wed 00:22: INFO    : 	ManagerConfiguration.dram.dataFifoDepth = 512                              [Init: 512]
Wed 00:22: INFO    : 	ManagerConfiguration.dram.dataFifoLutRam = false                           [Init: false]
Wed 00:22: INFO    : 	ManagerConfiguration.dram.dataFifoWidth = 792                              [Init: 792]
Wed 00:22: INFO    : 	ManagerConfiguration.dram.eccMode = true                                   [Init: false, change: true]
Wed 00:22: INFO    : 	ManagerConfiguration.dram.fabricDataFifoReg = true                         [Init: true]
Wed 00:22: INFO    : 	ManagerConfiguration.dram.fabricRdDataFifoReg = false                      [Init: false]
Wed 00:22: INFO    : 	ManagerConfiguration.dram.flagSupport = false                              [Init: false]
Wed 00:22: INFO    : 	ManagerConfiguration.dram.highPrioStream = false                           [Init: false]
Wed 00:22: INFO    : 	ManagerConfiguration.dram.max2CompatMode = false                           [Init: false]
Wed 00:22: INFO    : 	ManagerConfiguration.dram.max4m_GALAVA_MCP_UseRefClk = false               [Init: false]
Wed 00:22: INFO    : 	ManagerConfiguration.dram.max4m_MAIA_MCP_UseRefClk = false                 [Init: false]
Wed 00:22: INFO    : 	ManagerConfiguration.dram.max4qrateMode = false                            [Init: false]
Wed 00:22: INFO    : 	ManagerConfiguration.dram.memCmdIncSize = 8                                [Init: 8]
Wed 00:22: INFO    : 	ManagerConfiguration.dram.memCmdStartAddrSize = 32                         [Init: 32]
Wed 00:22: INFO    : 	ManagerConfiguration.dram.onCardMemFreq = 400.0                            [Init: 0.0, change: 400.0]
Wed 00:22: INFO    : 	ManagerConfiguration.dram.parEccDebugStream = false                        [Init: false]
Wed 00:22: INFO    : 	ManagerConfiguration.dram.parityEccWidth = 72                              [Init: 0, change: 72]
Wed 00:22: INFO    : 	ManagerConfiguration.dram.parityMode = true                                [Init: false, change: true]
Wed 00:22: INFO    : 	ManagerConfiguration.dram.perdqsPhaseDetect = false                        [Init: false]
Wed 00:22: INFO    : 	ManagerConfiguration.dram.performanceMode = true                           [Init: true]
Wed 00:22: INFO    : 	ManagerConfiguration.enableMPCX = false                                    [Init: false, init: false]
Wed 00:22: INFO    : 	ManagerConfiguration.maxring.maxringConnections = []                       [Init: []]
Wed 00:22: INFO    : 	ManagerConfiguration.maxring.maxringNumLanes = {}                          [Init: {}]
Wed 00:22: INFO    : 	ManagerConfiguration.multiCycleMappedMemoryBus = false                     [Init: false]
Wed 00:22: INFO    : 	ManagerConfiguration.network.qsfp0Mode = QSFP_OFF                          [Init: QSFP_OFF]
Wed 00:22: INFO    : 	ManagerConfiguration.network.qsfp1Mode = QSFP_OFF                          [Init: QSFP_OFF]
Wed 00:22: INFO    : 	ManagerConfiguration.network.qsfp2Mode = QSFP_OFF                          [Init: QSFP_OFF]
Wed 00:22: INFO    : 	ManagerConfiguration.network.qsfp3Mode = QSFP_OFF                          [Init: QSFP_OFF]
Wed 00:22: INFO    : 	ManagerConfiguration.network.qsfp4Mode = QSFP_OFF                          [Init: QSFP_OFF]
Wed 00:22: INFO    : 	ManagerConfiguration.network.qsfp5Mode = QSFP_OFF                          [Init: QSFP_OFF]
Wed 00:22: INFO    : 	ManagerConfiguration.network.qsfp6Mode = QSFP_OFF                          [Init: QSFP_OFF]
Wed 00:22: INFO    : 	ManagerConfiguration.network.qsfp7Mode = QSFP_OFF                          [Init: QSFP_OFF]
Wed 00:22: INFO    : 	ManagerConfiguration.pcie.numPCIeLanes = 8                                 [Init: 0, change: 8]
Wed 00:22: INFO    : 	ManagerConfiguration.pcie.pcieFastClock = true                             [Init: false, change: true]
Wed 00:22: INFO    : 	ManagerConfiguration.pcie.streamFromHostMaxNum = 0                         [Init: 0]
Wed 00:22: INFO    : 	ManagerConfiguration.pcie.streamToHostMaxNum = 0                           [Init: 0]
Wed 00:22: INFO    : 	ManagerConfiguration.persona.boardModel = MAX4848A                         [Init: null, change: MAX4848A]
Wed 00:22: INFO    : 	ManagerConfiguration.persona.ddr3Enable = false                            [Init: false]
Wed 00:22: INFO    : 	ManagerConfiguration.persona.ddr3Frq = 400.0                               [Init: 400.0]
Wed 00:22: INFO    : 	ManagerConfiguration.persona.ddr3Qmode = false                             [Init: false]
Wed 00:22: INFO    : 	ManagerConfiguration.persona.disableMultiplePersona = true                 [Init: true]
Wed 00:22: INFO    : 	ManagerConfiguration.persona.dynamic_scaling = false                       [Init: false]
Wed 00:22: INFO    : 	ManagerConfiguration.persona.enableCPLDOverrideOutpus = false              [Init: false]
Wed 00:22: INFO    : 	ManagerConfiguration.persona.enableJDFEPTPTestLogic = false                [Init: false]
Wed 00:22: INFO    : 	ManagerConfiguration.persona.maxRingLocal = false                          [Init: false]
Wed 00:22: INFO    : 	ManagerConfiguration.persona.maxRingOptical = false                        [Init: false]
Wed 00:22: INFO    : 	ManagerConfiguration.persona.maxringDataRate = 2500.0                      [Init: 2500.0]
Wed 00:22: INFO    : 	ManagerConfiguration.persona.maxringOpticalDataRate = 10000.0              [Init: 10000.0]
Wed 00:22: INFO    : 	ManagerConfiguration.persona.mode = InitMode                               [Init: InitMode]
Wed 00:22: INFO    : 	ManagerConfiguration.persona.networkPTP = OFF                              [Init: OFF]
Wed 00:22: INFO    : 	ManagerConfiguration.persona.panMaxRingA = false                           [Init: false]
Wed 00:22: INFO    : 	ManagerConfiguration.persona.panMaxRingB = false                           [Init: false]
Wed 00:22: INFO    : 	ManagerConfiguration.persona.personaInterfaceVersion = 1                   [Init: 1]
Wed 00:22: INFO    : 	ManagerConfiguration.persona.qdr2Enable = false                            [Init: false]
Wed 00:22: INFO    : 	ManagerConfiguration.persona.qdr2Frq = 350.0                               [Init: 350.0]
Wed 00:22: INFO    : 	ManagerConfiguration.persona.streamClks = 1                                [Init: 1]
Wed 00:22: INFO    : 	ManagerConfiguration.persona.streamFrq = [100.0]                           [Init: [150.0], change: [100.0]]
Wed 00:22: INFO    : 	ManagerConfiguration.persona.streamPs = [0]                                [Init: [0]]
Wed 00:22: INFO    : 	ManagerConfiguration.persona.usePCIeGen1 = false                           [Init: false]
Wed 00:22: INFO    : 	ManagerConfiguration.simulation.nativeFloatingPoint = false                [Init: false]
Wed 00:22: INFO    : 	ManagerConfiguration.streamClockFrq = 100                                  [Init: 100]
Wed 00:22: INFO    : 	ManagerConfiguration.useLegacyStreamFIFOs = false                          [Init: false]
Wed 00:22: INFO    : 
Wed 00:22: INFO    :  -- 
Wed 00:22: PROGRESS: 
Wed 00:22: PROGRESS: Compiling kernel "VectorsKernel"
Wed 00:22: INFO    : Configuration:
Wed 00:22: INFO    : 	KernelConfiguration.additionalInputPipelining = 64                                          [Init: 64]
Wed 00:22: INFO    : 	KernelConfiguration.allowDSPCascading = true                                                [Init: true]
Wed 00:22: INFO    : 	KernelConfiguration.allowInputsOutputsBeforeFlushNode = false                               [Init: false]
Wed 00:22: INFO    : 	KernelConfiguration.allowZeroLatencyNodeHold = false                                        [Init: false]
Wed 00:22: INFO    : 	KernelConfiguration.board = MAX4848A                                                        [Init: MAX2116B, change: MAX4848A]
Wed 00:22: INFO    : 	KernelConfiguration.bramBitsThreshold = 2080                                                [Init: 2080]
Wed 00:22: INFO    : 	KernelConfiguration.buildTarget = MAXCOMPILERSIM_HOST_DRIVEN                                [Init: NONE, change: MAXCOMPILERSIM_HOST_DRIVEN]
Wed 00:22: INFO    : 	KernelConfiguration.cePipelining = 2                                                        [Init: 2]
Wed 00:22: INFO    : 	KernelConfiguration.clockPhaseBalanceThreshold = 0.1                                        [Init: 0.1]
Wed 00:22: INFO    : 	KernelConfiguration.clockPhasingRetries = 50                                                [Init: 50]
Wed 00:22: INFO    : 	KernelConfiguration.dumpNeighboursString =                                                  [Init: ]
Wed 00:22: INFO    : 	KernelConfiguration.enableCeReplication = true                                              [Init: true]
Wed 00:22: INFO    : 	KernelConfiguration.enableClockPhasePartitioning = false                                    [Init: false]
Wed 00:22: INFO    : 	KernelConfiguration.enableDebugIOControlRegs = true                                         [Init: true]
Wed 00:22: INFO    : 	KernelConfiguration.enableDummyBuild = false                                                [Init: false]
Wed 00:22: INFO    : 	KernelConfiguration.enableKernelProfiler = false                                            [Init: false]
Wed 00:22: INFO    : 	KernelConfiguration.enablePipelinedComputeController = false                                [Init: false]
Wed 00:22: INFO    : 	KernelConfiguration.enableShadowRegister = false                                            [Init: false]
Wed 00:22: INFO    : 	KernelConfiguration.enableSmartKernelControl = false                                        [Init: false]
Wed 00:22: INFO    : 	KernelConfiguration.fifoSrlRegisterStages = 1                                               [Init: 1]
Wed 00:22: INFO    : 	KernelConfiguration.flushOnInputDataCongtiguous = false                                     [Init: false]
Wed 00:22: INFO    : 	KernelConfiguration.hardwareDebugDepth = 512                                                [Init: 512]
Wed 00:22: INFO    : 	KernelConfiguration.hwHierarchyMode = UNSET                                                 [Init: UNSET]
Wed 00:22: INFO    : 	KernelConfiguration.latencyAnnotation = false                                               [Init: false]
Wed 00:22: INFO    : 	KernelConfiguration.latencyAnnotationIOs =                                                  [Init: null]
Wed 00:22: INFO    : 	KernelConfiguration.maxCoalescedFifoWidth = 2147483647                                      [Init: 2147483647]
Wed 00:22: INFO    : 	KernelConfiguration.maxPreAdderFanOut = 1                                                   [Init: 1]
Wed 00:22: INFO    : 	KernelConfiguration.netlistMode = false                                                     [Init: false]
Wed 00:22: INFO    : 	KernelConfiguration.numPhotonStateMachines = 1                                              [Init: 1]
Wed 00:22: INFO    : 	KernelConfiguration.optimizations.ceCounterRegisterDuplication = 1                          [Init: 1]
Wed 00:22: INFO    : 	KernelConfiguration.optimizations.conditionalArithmetic = true                              [Init: true]
Wed 00:22: INFO    : 	KernelConfiguration.optimizations.counterChainWrapPipelining = 0                            [Init: 0]
Wed 00:22: INFO    : 	KernelConfiguration.optimizations.dspAddChain = OPTIMISE                                    [Init: null, Init after BuildTarget change: OPTIMISE]
Wed 00:22: INFO    : 	KernelConfiguration.optimizations.enableActiveFanoutReduction = false                       [Init: false]
Wed 00:22: INFO    : 	KernelConfiguration.optimizations.enableBUFGCE = false                                      [Init: false]
Wed 00:22: INFO    : 	KernelConfiguration.optimizations.enableBetterInputRegistering = false                      [Init: false]
Wed 00:22: INFO    : 	KernelConfiguration.optimizations.enableBetterRegistering = false                           [Init: false]
Wed 00:22: INFO    : 	KernelConfiguration.optimizations.enableFIFOCoalescingAcrossPlacementConstraints = false    [Init: false]
Wed 00:22: INFO    : 	KernelConfiguration.optimizations.enableFifoCoalescing = true                               [Init: true]
Wed 00:22: INFO    : 	KernelConfiguration.optimizations.enableFullPrecisionBinaryOpConstants = false              [Init: false]
Wed 00:22: INFO    : 	KernelConfiguration.optimizations.enableIntegratedRounding = false                          [Init: false]
Wed 00:22: INFO    : 	KernelConfiguration.optimizations.enableMappedMemoryHostReadBack = true                     [Init: true]
Wed 00:22: INFO    : 	KernelConfiguration.optimizations.enableMultiCycleReset = false                             [Init: false]
Wed 00:22: INFO    : 	KernelConfiguration.optimizations.enablePowerTwoFloatMult = true                            [Init: true]
Wed 00:22: INFO    : 	KernelConfiguration.optimizations.enableRedundantNodeDeletion = true                        [Init: true]
Wed 00:22: INFO    : 	KernelConfiguration.optimizations.enableStateMachineRegisterMerging = true                  [Init: true]
Wed 00:22: INFO    : 	KernelConfiguration.optimizations.inputFlushDistanceFactor = 0                              [Init: 0]
Wed 00:22: INFO    : 	KernelConfiguration.optimizations.minimumStaticFIFOSplitDepth = 1                           [Init: 1]
Wed 00:22: INFO    : 	KernelConfiguration.optimizations.optimizationTechnique = DEFAULT                           [Init: DEFAULT]
Wed 00:22: INFO    : 	KernelConfiguration.optimizations.triAdd = true                                             [Init: true]
Wed 00:22: INFO    : 	KernelConfiguration.partialReconfBlockName =                                                [Init: ]
Wed 00:22: INFO    : 	KernelConfiguration.partialReconfMode = false                                               [Init: false]
Wed 00:22: INFO    : 	KernelConfiguration.partialReconfTemplate = false                                           [Init: false]
Wed 00:22: INFO    : 	KernelConfiguration.replicateNodeCeLog2NumPartitions = 0                                    [Init: 0]
Wed 00:22: INFO    : 	KernelConfiguration.romBRAMBitsThreshold = 2080                                             [Init: 2080]
Wed 00:22: INFO    : 	KernelConfiguration.simulation.ramAddressCollisionBehaviour = EXCEPTION                     [Init: EXCEPTION]
Wed 00:22: INFO    : 	KernelConfiguration.simulation.ramOutOfBoundsAccessBehaviour = EXCEPTION                    [Init: EXCEPTION]
Wed 00:22: INFO    : 	KernelConfiguration.simulation.simProgressMessageFrequency = 0                              [Init: 0]
Wed 00:22: INFO    : 
Wed 00:22: INFO    :  -- 
Wed 00:22: INFO    : Writing current graph to: Vectors-VectorsKernel-original.pxg
Wed 00:22: INFO    : Running kernel graph-pass 'GeneratePXG'.
Wed 00:22: INFO    : Graph-pass 'GeneratePXG' took 175.082 ms (1 iterations)
Wed 00:22: INFO    : Running kernel graph-pass 'MarkConstantPass'.
Wed 00:22: INFO    : Graph-pass 'MarkConstantPass' took 2.20335 ms (1 iterations)
Wed 00:22: INFO    : Running kernel graph-pass 'ReachabilityPass'.
Wed 00:22: INFO    : Graph-pass 'ReachabilityPass' took 4.59210 ms (1 iterations)
Wed 00:22: INFO    : Running kernel graph-pass 'FindInputsLeadingToFlush'.
Wed 00:22: INFO    : Graph-pass 'FindInputsLeadingToFlush' took 122.864 ?s (1 iterations)
Wed 00:22: INFO    : Running kernel graph-pass 'CheckForStatefulToFlushViolations'.
Wed 00:22: INFO    : Graph-pass 'CheckForStatefulToFlushViolations' took 417.524 ?s (1 iterations)
Wed 00:22: INFO    : Running kernel graph-pass 'CheckForInputToFlushViolations'.
Wed 00:22: INFO    : Graph-pass 'CheckForInputToFlushViolations' took 1.08943 ms (1 iterations)
Wed 00:22: INFO    : Not deleting directory (does not exist): neighbours
Wed 00:22: INFO    : Running Photon pre-schedule graph optimisations
Wed 00:22: INFO    : Running kernel graph-pass 'AlignOrEradicatePrintfs'.
Wed 00:22: INFO    : Graph-pass 'AlignOrEradicatePrintfs' took 169.679 ?s (1 iterations)
Wed 00:22: INFO    : Running kernel graph-pass 'FoldConstantsPass'.
Wed 00:22: INFO    : Graph-pass 'FoldConstantsPass' took 1.17123 ms (1 iterations)
Wed 00:22: INFO    : Running kernel graph-pass 'OptimiseNodesPass'.
Wed 00:22: INFO    : Graph-pass 'OptimiseNodesPass' took 21.2488 ms (2 iterations)
Wed 00:22: INFO    : Running kernel graph-pass 'DeleteRedundantNodes'.
Wed 00:22: INFO    : Graph-pass 'DeleteRedundantNodes' took 663.426 ?s (1 iterations)
Wed 00:22: INFO    : Running kernel graph-pass 'AlteraDSPExtractionGraphPass'.
Wed 00:22: INFO    : Optimized 0 sub-graphs into DSP multiply/add chains 
Wed 00:22: INFO    : Graph-pass 'AlteraDSPExtractionGraphPass' took 8.23547 ms (1 iterations)
Wed 00:22: INFO    : Running kernel graph-pass 'TriAddExtractionPass'.
Wed 00:22: INFO    : Graph-pass 'TriAddExtractionPass' took 1.42470 ms (1 iterations)
Wed 00:22: INFO    : Running kernel graph-pass 'ConditionalAddExtractionPass'.
Wed 00:22: INFO    : Optimized 0 sub-graphs into conditional adds/subs/triadds.
Wed 00:22: INFO    : Graph-pass 'ConditionalAddExtractionPass' took 1.03765 ms (1 iterations)
Wed 00:22: INFO    : Running kernel graph-pass 'PO2FPMultOptimiser'.
Wed 00:22: INFO    : Graph-pass 'PO2FPMultOptimiser' took 165.014 ?s (1 iterations)
Wed 00:22: INFO    : Running Photon simulation preparation
Wed 00:22: INFO    : Running kernel graph-pass 'PrepareSimulationPass'.
Wed 00:22: INFO    : Graph-pass 'PrepareSimulationPass' took 139.121 ?s (1 iterations)
Wed 00:22: INFO    : Logging Photon stats to: VectorsKernel_photon_stats.csv
Wed 00:22: INFO    : Running kernel graph-pass 'StatsPass'.
Wed 00:22: INFO    : Graph-pass 'StatsPass' took 1.99472 ms (1 iterations)
Wed 00:22: INFO    : Running kernel graph-pass 'CollectNumericExceptions'.
Wed 00:22: INFO    : Graph-pass 'CollectNumericExceptions' took 142.009 ?s (1 iterations)
Wed 00:22: INFO    : Running kernel graph-pass 'StreamOffsetDivExpand'.
Wed 00:22: INFO    : Graph-pass 'StreamOffsetDivExpand' took 117.641 ?s (1 iterations)
Wed 00:22: INFO    : Running kernel graph-pass 'FindIllegalLoops'.
Wed 00:22: INFO    : Graph-pass 'FindIllegalLoops' took 992.921 ?s (1 iterations)
Wed 00:22: INFO    : Running kernel graph-pass 'MarkConstantPass'.
Wed 00:22: INFO    : Graph-pass 'MarkConstantPass' took 276.586 ?s (1 iterations)
Wed 00:22: INFO    : Running kernel graph-pass 'ScheduleVariables'.
Wed 00:22: INFO    : Graph-pass 'ScheduleVariables' took 3.77490 ms (1 iterations)
Wed 00:22: INFO    : Running kernel graph-pass 'SubstituteEqPlaceholders'.
Wed 00:22: INFO    : Graph-pass 'SubstituteEqPlaceholders' took 97.9140 ?s (1 iterations)
Wed 00:22: INFO    : Running kernel graph-pass 'ScheduleApplier'.
Wed 00:22: INFO    : Graph-pass 'ScheduleApplier' took 2.36266 ms (1 iterations)
Wed 00:22: INFO    : Running kernel graph-pass 'MarkConstantPass'.
Wed 00:22: INFO    : Graph-pass 'MarkConstantPass' took 272.942 ?s (1 iterations)
Wed 00:22: INFO    : Running kernel graph-pass 'ScheduleDumper'.
Wed 00:22: INFO    : Graph-pass 'ScheduleDumper' took 2.35516 ms (1 iterations)
Wed 00:22: INFO    : Running Photon post-schedule graph optimisations (pass 1)
Wed 00:22: INFO    : Running kernel graph-pass 'TapFIFOsPass'.
Wed 00:22: INFO    : Graph-pass 'TapFIFOsPass' took 1.00645 ms (1 iterations)
Wed 00:22: INFO    : Running kernel graph-pass 'FoldFIFOsPass'.
Wed 00:22: INFO    : Graph-pass 'FoldFIFOsPass' took 411.791 ?s (1 iterations)
Wed 00:22: INFO    : Running kernel graph-pass 'MarkConstantPass'.
Wed 00:22: INFO    : Graph-pass 'MarkConstantPass' took 278.609 ?s (1 iterations)
Wed 00:22: INFO    : Running kernel graph-pass 'ValidateFIFOs'.
Wed 00:22: INFO    : Graph-pass 'ValidateFIFOs' took 136.900 ?s (1 iterations)
Wed 00:22: INFO    : Running kernel graph-pass 'MarkConstantPass'.
Wed 00:22: INFO    : Graph-pass 'MarkConstantPass' took 328.073 ?s (1 iterations)
Wed 00:22: INFO    : Running kernel graph-pass 'ScheduleDumper'.
Wed 00:22: INFO    : Graph-pass 'ScheduleDumper' took 1.80612 ms (1 iterations)
Wed 00:22: INFO    : Running kernel graph-pass 'MarkConstantPass'.
Wed 00:22: INFO    : Graph-pass 'MarkConstantPass' took 270.168 ?s (1 iterations)
Wed 00:22: INFO    : Running kernel graph-pass 'ScheduleConstants'.
Wed 00:22: INFO    : Running command: "/opt/maxcompiler//bin/cbc" "VectorsKernel_schedule_C.mps.gz" -threads 4 -solve  -printi csv -solu "VectorsKernel_schedule_C.csv" > "VectorsKernel_schedule_C.stdout.log"
Wed 00:22: INFO    : Optimum found: 0
Wed 00:22: INFO    : Graph-pass 'ScheduleConstants' took 93.1764 ms (1 iterations)
Wed 00:22: INFO    : Running kernel graph-pass 'MarkConstantPass'.
Wed 00:22: INFO    : Graph-pass 'MarkConstantPass' took 596.208 ?s (1 iterations)
Wed 00:22: INFO    : Running kernel graph-pass 'ScheduleDumper'.
Wed 00:22: INFO    : Graph-pass 'ScheduleDumper' took 2.24356 ms (1 iterations)
Wed 00:22: INFO    : Running kernel graph-pass 'SubstituteEqPlaceholders'.
Wed 00:22: INFO    : Graph-pass 'SubstituteEqPlaceholders' took 123.513 ?s (1 iterations)
Wed 00:22: INFO    : Running kernel graph-pass 'RemoveDistMeasurementNodes'.
Wed 00:22: INFO    : Graph-pass 'RemoveDistMeasurementNodes' took 19.0100 ?s (1 iterations)
Wed 00:22: INFO    : Running kernel graph-pass 'ScheduleApplier'.
Wed 00:22: INFO    : Graph-pass 'ScheduleApplier' took 1.86611 ms (1 iterations)
Wed 00:22: INFO    : Maximum stream latency for kernel 'VectorsKernel': 12
Wed 00:22: INFO    : Using user logic for flush.
Wed 00:22: INFO    : Running Photon post-schedule graph optimisations (pass 2)
Wed 00:22: INFO    : Running kernel graph-pass 'TapFIFOsPass'.
Wed 00:22: INFO    : Graph-pass 'TapFIFOsPass' took 1.37212 ms (1 iterations)
Wed 00:22: INFO    : Running kernel graph-pass 'FoldFIFOsPass'.
Wed 00:22: INFO    : Graph-pass 'FoldFIFOsPass' took 419.770 ?s (1 iterations)
Wed 00:22: INFO    : Running kernel graph-pass 'MarkConstantPass'.
Wed 00:22: INFO    : Graph-pass 'MarkConstantPass' took 283.923 ?s (1 iterations)
Wed 00:22: INFO    : Running kernel graph-pass 'ScheduleAsserter'.
Wed 00:22: INFO    : Graph-pass 'ScheduleAsserter' took 1.00273 ms (1 iterations)
Wed 00:22: INFO    : Running kernel graph-pass 'ReplaceEvalStreamOffsetNodes'.
Wed 00:22: INFO    : Graph-pass 'ReplaceEvalStreamOffsetNodes' took 133.436 ?s (1 iterations)
Wed 00:22: INFO    : Running kernel graph-pass 'FIFOReport'.
Wed 00:22: INFO    : Graph-pass 'FIFOReport' took 735.271 ?s (1 iterations)
Wed 00:22: INFO    : Running kernel graph-pass 'StatsPass'.
Wed 00:22: INFO    : Graph-pass 'StatsPass' took 1.41808 ms (1 iterations)
Wed 00:22: INFO    : Running kernel graph-pass 'RemoveUntypedConstants'.
Wed 00:22: INFO    : Graph-pass 'RemoveUntypedConstants' took 19.6203 ms (1 iterations)
Wed 00:22: INFO    : Running kernel graph-pass 'VariableSizeMappedRegInserter'.
Wed 00:22: INFO    : Graph-pass 'VariableSizeMappedRegInserter' took 128.637 ?s (1 iterations)
Wed 00:22: INFO    : Running kernel graph-pass 'MarkConstantPass'.
Wed 00:22: INFO    : Graph-pass 'MarkConstantPass' took 268.206 ?s (1 iterations)
Wed 00:22: INFO    : Running kernel graph-pass 'MakeMaxFileNodeData'.
Wed 00:22: INFO    : Graph-pass 'MakeMaxFileNodeData' took 4.30626 ms (1 iterations)
Wed 00:22: INFO    : Running kernel graph-pass 'MoveFanoutRegsForwards'.
Wed 00:22: INFO    : Graph-pass 'MoveFanoutRegsForwards' took 130.535 ?s (1 iterations)
Wed 00:22: INFO    : Optimization report for Kernel 'VectorsKernel'.
Wed 00:22: INFO    : Enabled optimizations:
Wed 00:22: INFO    : 	DSP-MultAdd
Wed 00:22: INFO    : 	Tri-Adder
Wed 00:22: INFO    : 	Conditional (Tri)Adds/Subs/AddSubs
Wed 00:22: INFO    : 	Power-of-2 Floating Point
Wed 00:22: INFO    : Creating a preliminary MaxCompilerDesignData.dat. (@ CoreCompile VectorsKernel)
Wed 00:22: INFO    : Total compilation of 'VectorsKernel' took 604.076 ms.
Wed 00:22: INFO    : Running kernel graph-pass 'MarkConstantPass'.
Wed 00:22: INFO    : Graph-pass 'MarkConstantPass' took 248.988 ?s (1 iterations)
Wed 00:22: INFO    : Running kernel graph-pass 'MaxConstantLatency'.
Wed 00:22: INFO    : Graph-pass 'MaxConstantLatency' took 430.425 ?s (1 iterations)
Wed 00:22: INFO    : Running kernel graph-pass 'SimCodeGraphPass'.
Wed 00:22: INFO    : Graph-pass 'SimCodeGraphPass' took 16.1316 ms (1 iterations)
Wed 00:22: INFO    : Writing current graph to: Vectors-VectorsKernel-final-simulation.pxg
Wed 00:22: INFO    : Running kernel graph-pass 'GeneratePXG'.
Wed 00:22: INFO    : Graph-pass 'GeneratePXG' took 33.5803 ms (1 iterations)
Wed 00:22: INFO    : Running manager compiler graph-pass: GenerateMXGInfo
Wed 00:22: INFO    : Running manager compiler graph-pass: ScheduleStallLatency
Wed 00:22: INFO    : Running manager compiler graph-pass: ClockWidthAssignment
Wed 00:22: INFO    : Running manager compiler graph-pass: InsertDualAspectLogic
Wed 00:22: INFO    : Running manager compiler graph-pass: ClockWidthAssignment
Wed 00:22: INFO    : Running manager compiler graph-pass: InsertPullPushAdapter
Wed 00:22: INFO    : Running manager compiler graph-pass: ClockWidthAssignment
Wed 00:22: INFO    : Running manager compiler graph-pass: InsertStreamFifos
Wed 00:22: INFO    : Running manager compiler graph-pass: ClockWidthAssignment
Wed 00:22: INFO    : Running manager compiler graph-pass: InsertStreamStatus
Wed 00:22: INFO    : Running manager compiler graph-pass: InsertChipscope
Wed 00:22: INFO    : Inserted 0 chipscope manager nodes.
Wed 00:22: INFO    : Running manager compiler graph-pass: ClockWidthAssignment
Wed 00:22: INFO    : Running manager compiler graph-pass: ReportClockAssignments
Wed 00:22: INFO    : Running manager compiler graph-pass: BuildSoftwareSim
Wed 00:22: INFO    : Mapped register report:
Wed 00:22: INFO    : 	0	io_inVector1_force_disabled	1bytes
Wed 00:22: INFO    : 	1	io_inVector2_force_disabled	1bytes
Wed 00:22: INFO    : 	2	io_outVector_force_disabled	1bytes
Wed 00:22: INFO    : 	3	run_cycle_count	6bytes
Wed 00:22: INFO    : 	9	current_run_cycle_count	6bytes
Wed 00:22: INFO    : 	f	dbg_ctld_almost_empty	1bytes
Wed 00:22: INFO    : 	10	dbg_ctld_done	1bytes
Wed 00:22: INFO    : 	11	dbg_ctld_empty	1bytes
Wed 00:22: INFO    : 	12	dbg_ctld_read	1bytes
Wed 00:22: INFO    : 	13	dbg_ctld_read_pipe_dbg	1bytes
Wed 00:22: INFO    : 	14	dbg_ctld_request	1bytes
Wed 00:22: INFO    : 	15	dbg_done_out	1bytes
Wed 00:22: INFO    : 	16	dbg_fill_level	1bytes
Wed 00:22: INFO    : 	17	dbg_flush_level	1bytes
Wed 00:22: INFO    : 	18	dbg_flush_start	1bytes
Wed 00:22: INFO    : 	19	dbg_flush_start_level	1bytes
Wed 00:22: INFO    : 	1a	dbg_flushing	1bytes
Wed 00:22: INFO    : 	1b	dbg_full_level	1bytes
Wed 00:22: INFO    : 	1c	dbg_out_stall	1bytes
Wed 00:22: INFO    : 	1d	dbg_out_valid	1bytes
Wed 00:22: INFO    : 	1e	dbg_stall_vector	1bytes
Wed 00:22: INFO    : 	1f	ifpga_ctrl	1bytes
Wed 00:22: INFO    : 	20	SFA_FORWARD_EN	4bytes
Wed 00:22: INFO    : Mapped register chain length = 36
Wed 00:22: INFO    : Mapped register efficiency = 0.61 (177 / 288 bits)
Wed 00:22: INFO    : Mapped memory report:
Wed 00:22: INFO    : 	No mapped memories in this design.
Wed 00:22: INFO    : Running manager compiler graph-pass: GenerateMXGInfo
Wed 00:22: INFO    : Running manager compiler graph-pass: GenerateSlicHostCode
Wed 00:22: INFO    : Generating SLIC interface information
Wed 00:22: INFO    : Generating SLIC code for interface 'default'
Wed 00:22: INFO    : Skipping blacklisted scalar parameter 'VectorsKernel.current_run_cycle_count'
Wed 00:22: INFO    : Interface 'default' depends on parameter 'N'
Wed 00:22: INFO    : Generating XML description for Maxfile
Wed 00:22: INFO    : Generating XML description for mode 'default'
Wed 00:22: INFO    : Skipping blacklisted scalar parameter 'VectorsKernel.current_run_cycle_count'
Wed 00:22: INFO    : Interface 'default' depends on parameter 'N'
Wed 00:22: INFO    : Adding SLIC sections to the maxfile
Wed 00:22: INFO    : Adding user files to the maxfile
Wed 00:22: INFO    : Generating SLIC include file
Wed 00:22: INFO    : Done generating SLIC interface information
Wed 00:22: PROGRESS: Running back-end simulation build (3 phases)
Wed 00:22: PROGRESS: (1/3) - Prepare MaxFile Data (GenerateMaxFileDataFile)
Wed 00:22: INFO    : Build pass 'GenerateMaxFileDataFile' took 13.4414 ms.
Wed 00:22: PROGRESS: (2/3) - Compile Simulation Modules (SimCompilePass)
Wed 00:22: INFO    : Running command: make -j2
Wed 00:22: INFO    : In file included from max_msi.cpp:19:
Wed 00:22: INFO    : /tmp/Vectors_MAIA_DFE_SIM/scratch/software-sim/build/MaxFile.h:4:9: warning: '_QUOTE' macro redefined [-Wmacro-redefined]
Wed 00:22: INFO    : #define _QUOTE(what) #what
Wed 00:22: INFO    :         ^
Wed 00:22: INFO    : /opt/maxcompiler//lib/maxeleros-sim/include/maxrt_error.h:87:9: note: previous definition is here
Wed 00:22: INFO    : #define _QUOTE(x) #x
Wed 00:22: INFO    :         ^
Wed 00:22: INFO    : 1 warning generated.
Wed 00:22: INFO    : Build pass 'SimCompilePass' took 7.01734 s.
Wed 00:22: PROGRESS: (3/3) - Generate MaxFile (AddSimObjectToMaxFilePass)
Wed 00:22: INFO    : Build pass 'AddSimObjectToMaxFilePass' took 229.171 ms.
Wed 00:22: INFO    : Final result files after build: 
Wed 00:22: INFO    : Running command: ln -sf "../scratch/Vectors-VectorsKernel-original.pxg"
Wed 00:22: INFO    : Vectors-VectorsKernel-original.pxg (BuildFilePXG)
Wed 00:22: INFO    : Running command: ln -sf "../scratch/VectorsKernel_Configuration.txt"
Wed 00:22: INFO    : VectorsKernel_Configuration.txt (BuildFile)
Wed 00:22: INFO    : Running command: ln -sf "../scratch/VectorsKernel_NodeDiary.txt"
Wed 00:22: INFO    : VectorsKernel_NodeDiary.txt (BuildFile)
Wed 00:22: INFO    : Running command: ln -sf "../scratch/Vectors-VectorsKernel-final-simulation.pxg"
Wed 00:22: INFO    : Vectors-VectorsKernel-final-simulation.pxg (BuildFilePXG)
Wed 00:22: INFO    : Running command: ln -sf "../scratch/Vectors.xml"
Wed 00:22: INFO    : Vectors.xml (BuildFile)
Wed 00:22: INFO    : Running command: ln -sf "../scratch/Vectors.h"
Wed 00:22: INFO    : Vectors.h (BuildFileSlicH)
Wed 00:22: INFO    : Running command: ln -sf "../scratch/Vectors.max"
Wed 00:22: INFO    : Vectors.max (BuildFileMaxFile)
Wed 00:22: INFO    : Result files will be copied to '/home/stankovicstevan98/WebIDE-Projects/IU-MatrixMul/CPUCode/results'
Wed 00:22: INFO    : Copying result 'Vectors-VectorsKernel-original.pxg' to '/home/stankovicstevan98/WebIDE-Projects/IU-MatrixMul/CPUCode/results/Vectors-VectorsKernel-original.pxg'
Wed 00:22: INFO    : Running command: cp -rf "/tmp/Vectors_MAIA_DFE_SIM/scratch/Vectors-VectorsKernel-original.pxg" "/home/stankovicstevan98/WebIDE-Projects/IU-MatrixMul/CPUCode/results/Vectors-VectorsKernel-original.pxg"
Wed 00:22: INFO    : Copying result 'Vectors-VectorsKernel-final-simulation.pxg' to '/home/stankovicstevan98/WebIDE-Projects/IU-MatrixMul/CPUCode/results/Vectors-VectorsKernel-final-simulation.pxg'
Wed 00:22: INFO    : Running command: cp -rf "/tmp/Vectors_MAIA_DFE_SIM/scratch/Vectors-VectorsKernel-final-simulation.pxg" "/home/stankovicstevan98/WebIDE-Projects/IU-MatrixMul/CPUCode/results/Vectors-VectorsKernel-final-simulation.pxg"
Wed 00:22: INFO    : Result 'Vectors.h' is identical to '/home/stankovicstevan98/WebIDE-Projects/IU-MatrixMul/CPUCode/results/Vectors.h': not overwriting.
Wed 00:22: INFO    : Copying result 'Vectors.max' to '/home/stankovicstevan98/WebIDE-Projects/IU-MatrixMul/CPUCode/results/Vectors.max'
Wed 00:22: INFO    : Running command: cp -rf "/tmp/Vectors_MAIA_DFE_SIM/scratch/Vectors.max" "/home/stankovicstevan98/WebIDE-Projects/IU-MatrixMul/CPUCode/results/Vectors.max"
Wed 00:22: PROGRESS: MaxFile: /tmp/Vectors_MAIA_DFE_SIM/results/Vectors.max (MD5Sum: d7220e826b32543bcce4af5e7fe9f32c)
Wed 00:22: INFO    : Waiting for any outstanding jobs to finish... 
Wed 00:22: PROGRESS: Build completed: Wed Mar 24 00:22:43 UTC 2021 (took 9 secs)
